<?xml version="1.0" encoding="UTF-8"?>
<!-- Generated by org.testng.reporters.JUnitReportReporter -->
<testsuite skipped="0" hostname="DESKTOP-A15AP0F" name="com.qa.tests.GetAPITest" tests="2" failures="0" timestamp="2021-07-22T21:31:00 IST" time="2.818" errors="0">
  <testcase name="invokeGetMethodwithoutHeaders" time="2.315" classname="com.qa.tests.GetAPITest"/>
  <system-out/>
  <testcase name="invokeGetMethodwithHeaders" time="0.503" classname="com.qa.tests.GetAPITest"/>
  <system-out/>
</testsuite> <!-- com.qa.tests.GetAPITest -->
