<?xml version="1.0" encoding="UTF-8"?>
<!-- Generated by org.testng.reporters.JUnitReportReporter -->
<testsuite skipped="0" hostname="DESKTOP-A15AP0F" name="com.qa.tests.GetAPITest" tests="1" failures="0" timestamp="2021-07-22T18:51:22 IST" time="1.634" errors="0">
  <testcase name="invokeGetMethod" time="1.634" classname="com.qa.tests.GetAPITest"/>
  <system-out/>
</testsuite> <!-- com.qa.tests.GetAPITest -->
